{
  "stats": {
    "suites": 1,
    "tests": 3,
    "passes": 3,
    "pending": 0,
    "failures": 0,
    "start": "2024-06-05T15:33:05.549Z",
    "end": "2024-06-05T15:33:07.400Z",
    "duration": 1851,
    "testsRegistered": 3,
    "passPercent": 100,
    "pendingPercent": 0,
    "other": 0,
    "hasOther": false,
    "skipped": 0,
    "hasSkipped": false,
    "passPercentClass": "success",
    "pendingPercentClass": "danger"
  },
  "suites": {
    "uuid": "a439d671-987f-4738-9d6f-fec2cf7e3101",
    "title": "",
    "fullFile": "",
    "file": "",
    "beforeHooks": [],
    "afterHooks": [],
    "tests": [],
    "suites": [
      {
        "uuid": "b7edeeb6-b3b3-4352-9d9b-f0cebae0a989",
        "title": "OMDB Movie List",
        "fullFile": "D:\\File Courses\\Kerja Praktek di Privy\\Lovinta-API_Test_Automation\\poc-mocha-chai\\api\\test\\movie-list-test.js",
        "file": "\\api\\test\\movie-list-test.js",
        "beforeHooks": [],
        "afterHooks": [],
        "tests": [
          {
            "title": "@get As a User, I want to be able to get OMDB Movie list",
            "fullTitle": "OMDB Movie List @get As a User, I want to be able to get OMDB Movie list",
            "timedOut": false,
            "duration": 631,
            "state": "passed",
            "speed": "slow",
            "pass": true,
            "fail": false,
            "pending": false,
            "code": "const response = await page.getMovieList(apiKey, keySearch);\nassert(response.status).to.equal(200);",
            "err": {},
            "isRoot": false,
            "uuid": "cd2489a8-185c-45d3-aa4d-ecb8fb7d7f09",
            "isHook": false,
            "skipped": false
          },
          {
            "title": "@get As a User, I should got error message when I send request without key of search",
            "fullTitle": "OMDB Movie List @get As a User, I should got error message when I send request without key of search",
            "timedOut": false,
            "duration": 592,
            "state": "passed",
            "speed": "slow",
            "pass": true,
            "fail": false,
            "pending": false,
            "code": "const response = await page.getMovieList(apiKey, '');\nassert(response.status).to.equal(200, response.body.Error);\nassert(response.body.Response).to.equal('False');\nassert(response.body.Error).to.equal('Incorrect IMDb ID.');",
            "err": {},
            "isRoot": false,
            "uuid": "22be5fa4-bfd9-4656-8301-80bc1053c040",
            "isHook": false,
            "skipped": false
          },
          {
            "title": "@get As a User, I should got error 401 when I send request with invalid API Key",
            "fullTitle": "OMDB Movie List @get As a User, I should got error 401 when I send request with invalid API Key",
            "timedOut": false,
            "duration": 613,
            "state": "passed",
            "speed": "slow",
            "pass": true,
            "fail": false,
            "pending": false,
            "code": "const response = await page.getMovieList(invalidApiKey, keySearch);\nassert(response.status).to.equal(401, response.body.Error);\nassert(response.body.Response).to.equal('False');\nassert(response.body.Error).to.equal('Invalid API key!');",
            "err": {},
            "isRoot": false,
            "uuid": "2b0f3b2d-3bd4-41e9-a875-5f306b43e0fd",
            "isHook": false,
            "skipped": false
          }
        ],
        "suites": [],
        "passes": [
          "cd2489a8-185c-45d3-aa4d-ecb8fb7d7f09",
          "22be5fa4-bfd9-4656-8301-80bc1053c040",
          "2b0f3b2d-3bd4-41e9-a875-5f306b43e0fd"
        ],
        "failures": [],
        "pending": [],
        "skipped": [],
        "duration": 1836,
        "root": false,
        "rootEmpty": false,
        "_timeout": 180000
      }
    ],
    "passes": [],
    "failures": [],
    "pending": [],
    "skipped": [],
    "duration": 0,
    "root": true,
    "rootEmpty": true,
    "_timeout": 180000
  },
  "copyrightYear": 2024
}